<?xml version="1.0" encoding="UTF-8"?>
<testsuites name="jest tests" tests="61" failures="0" errors="0" time="49.711">
  <testsuite name="PSTContact tests" errors="0" failures="0" skipped="0" timestamp="2026-06-11T11:50:51" time="4.635" tests="2">
    <testcase classname="PSTContact tests should have a Contact folder" name="PSTContact tests should have a Contact folder" time="0.015">
    </testcase>
    <testcase classname="PSTContact tests should have a contact with several fields" name="PSTContact tests should have a contact with several fields" time="0.123">
    </testcase>
  </testsuite>
  <testsuite name="RecurrencePattern tests" errors="0" failures="0" skipped="0" timestamp="2026-06-11T11:50:51" time="4.584" tests="2">
    <testcase classname="RecurrencePattern tests should have a Calendar folder" name="RecurrencePattern tests should have a Calendar folder" time="0.01">
    </testcase>
    <testcase classname="RecurrencePattern tests should have repeating events" name="RecurrencePattern tests should have repeating events" time="0.094">
    </testcase>
  </testsuite>
  <testsuite name="PSTMessage tests" errors="0" failures="0" skipped="0" timestamp="2026-06-11T11:50:52" time="4.5" tests="2">
    <testcase classname="PSTMessage tests should have email messages" name="PSTMessage tests should have email messages" time="0.081">
    </testcase>
    <testcase classname="PSTMessage tests should have email message which uses block skip points" name="PSTMessage tests should have email message which uses block skip points" time="0.052">
    </testcase>
  </testsuite>
  <testsuite name="PSTAttachment tests" errors="0" failures="0" skipped="0" timestamp="2026-06-11T11:50:51" time="6.319" tests="5">
    <testcase classname="PSTAttachment tests should have a contact with an attachment" name="PSTAttachment tests should have a contact with an attachment" time="0.489">
    </testcase>
    <testcase classname="PSTAttachment tests should have a task with an attachment" name="PSTAttachment tests should have a task with an attachment" time="0.39">
    </testcase>
    <testcase classname="PSTAttachment tests should have email with word attachment" name="PSTAttachment tests should have email with word attachment" time="0.424">
    </testcase>
    <testcase classname="PSTAttachment tests should have email with excel attachment" name="PSTAttachment tests should have email with excel attachment" time="0.382">
    </testcase>
    <testcase classname="PSTAttachment tests should have email with jpg attachment" name="PSTAttachment tests should have email with jpg attachment" time="0.422">
    </testcase>
  </testsuite>
  <testsuite name="pst catalog helpers" errors="0" failures="0" skipped="0" timestamp="2026-06-11T11:50:51" time="6.601" tests="5">
    <testcase classname="pst catalog helpers discovers recursive case/search scopes and filters empty folders" name="pst catalog helpers discovers recursive case/search scopes and filters empty folders" time="0.126">
    </testcase>
    <testcase classname="pst catalog helpers includes PST root when direct mailbox files exist there" name="pst catalog helpers includes PST root when direct mailbox files exist there" time="0.03">
    </testcase>
    <testcase classname="pst catalog helpers reports an empty or missing PST folder without throwing" name="pst catalog helpers reports an empty or missing PST folder without throwing" time="0.007">
    </testcase>
    <testcase classname="pst catalog helpers rejects traversal attempts and opens mailbox files within a selected scope" name="pst catalog helpers rejects traversal attempts and opens mailbox files within a selected scope" time="2.498">
    </testcase>
    <testcase classname="pst catalog helpers moves mailbox files into and out of the removed archive without deleting them" name="pst catalog helpers moves mailbox files into and out of the removed archive without deleting them" time="0.063">
    </testcase>
  </testsuite>
  <testsuite name="search index cache" errors="0" failures="0" skipped="0" timestamp="2026-06-11T11:50:56" time="2.149" tests="1">
    <testcase classname="search index cache supports AND/OR search and exact hide rules from the cached documents" name="search index cache supports AND/OR search and exact hide rules from the cached documents" time="0.038">
    </testcase>
  </testsuite>
  <testsuite name="PSTTask tests" errors="0" failures="0" skipped="0" timestamp="2026-06-11T11:50:57" time="1.167" tests="2">
    <testcase classname="PSTTask tests should have a Tasks folder" name="PSTTask tests should have a Tasks folder" time="0.002">
    </testcase>
    <testcase classname="PSTTask tests should have two tasks" name="PSTTask tests should have two tasks" time="0.061">
    </testcase>
  </testsuite>
  <testsuite name="review store helpers" errors="0" failures="0" skipped="0" timestamp="2026-06-11T11:50:56" time="2.019" tests="3">
    <testcase classname="review store helpers normalizes review tags and builds search filters" name="review store helpers normalizes review tags and builds search filters" time="0.006">
    </testcase>
    <testcase classname="review store helpers upserts, clears, and queries reviews with the mongo-backed store API" name="review store helpers upserts, clears, and queries reviews with the mongo-backed store API" time="0.039">
    </testcase>
    <testcase classname="review store helpers upserts reviews without conflicting mongo update operators" name="review store helpers upserts reviews without conflicting mongo update operators" time="0.007">
    </testcase>
  </testsuite>
  <testsuite name="PSTFolder tests" errors="0" failures="0" skipped="0" timestamp="2026-06-11T11:50:58" time="0.629" tests="2">
    <testcase classname="PSTFolder tests should have a root folder" name="PSTFolder tests should have a root folder" time="0.007">
    </testcase>
    <testcase classname="PSTFolder tests root folder should have sub folders" name="PSTFolder tests root folder should have sub folders" time="0.089">
    </testcase>
  </testsuite>
  <testsuite name="PSTActivity tests" errors="0" failures="0" skipped="0" timestamp="2026-06-11T11:50:57" time="1.169" tests="2">
    <testcase classname="PSTActivity tests should have a Journal folder" name="PSTActivity tests should have a Journal folder" time="0.001">
    </testcase>
    <testcase classname="PSTActivity tests root folder should have a journal entry" name="PSTActivity tests root folder should have a journal entry" time="0.028">
    </testcase>
  </testsuite>
  <testsuite name="PSTRecipient tests" errors="0" failures="0" skipped="0" timestamp="2026-06-11T11:50:58" time="0.596" tests="1">
    <testcase classname="PSTRecipient tests should have email messages" name="PSTRecipient tests should have email messages" time="0.157">
    </testcase>
  </testsuite>
  <testsuite name="PSTObject tests" errors="0" failures="0" skipped="0" timestamp="2026-06-11T11:50:58" time="0.612" tests="1">
    <testcase classname="PSTObject tests should have basic attributes" name="PSTObject tests should have basic attributes" time="0.166">
    </testcase>
  </testsuite>
  <testsuite name="search result normalization" errors="0" failures="0" skipped="0" timestamp="2026-06-11T11:50:59" time="0.328" tests="2">
    <testcase classname="search result normalization uses messageId as the canonical id when id is missing" name="search result normalization uses messageId as the canonical id when id is missing" time="0.002">
    </testcase>
    <testcase classname="search result normalization normalizes search result pages so items are clickable" name="search result normalization normalizes search result pages so items are clickable" time="0.001">
    </testcase>
  </testsuite>
  <testsuite name="PSTAppointment tests" errors="0" failures="0" skipped="0" timestamp="2026-06-11T11:50:58" time="1.124" tests="2">
    <testcase classname="PSTAppointment tests should have a Calendar folder" name="PSTAppointment tests should have a Calendar folder" time="0.002">
    </testcase>
    <testcase classname="PSTAppointment tests should have two calendar items" name="PSTAppointment tests should have two calendar items" time="0.059">
    </testcase>
  </testsuite>
  <testsuite name="PSTfile tests" errors="0" failures="0" skipped="0" timestamp="2026-06-11T11:50:59" time="0.429" tests="1">
    <testcase classname="PSTfile tests should open the file" name="PSTfile tests should open the file" time="0.008">
    </testcase>
  </testsuite>
  <testsuite name="viewer UI shell" errors="0" failures="0" skipped="0" timestamp="2026-06-11T11:50:59" time="0.646" tests="1">
    <testcase classname="viewer UI shell shows a PST list and no upload controls" name="viewer UI shell shows a PST list and no upload controls" time="0.024">
    </testcase>
  </testsuite>
  <testsuite name="viewer integration" errors="0" failures="0" skipped="0" timestamp="2026-06-11T11:50:51" time="9.396" tests="15">
    <testcase classname="viewer integration indexes the bundled PST and keeps malformed folders as warnings" name="viewer integration indexes the bundled PST and keeps malformed folders as warnings" time="0.027">
    </testcase>
    <testcase classname="viewer integration filters and pages folder messages by metadata" name="viewer integration filters and pages folder messages by metadata" time="0.025">
    </testcase>
    <testcase classname="viewer integration hides matching folder rows when hidden rules are applied" name="viewer integration hides matching folder rows when hidden rules are applied" time="0.016">
    </testcase>
    <testcase classname="viewer integration matches metadata, plain body text, and normalized html body text" name="viewer integration matches metadata, plain body text, and normalized html body text" time="0.002">
    </testcase>
    <testcase classname="viewer integration supports AND/OR terms and quoted phrases" name="viewer integration supports AND/OR terms and quoted phrases" time="0.001">
    </testcase>
    <testcase classname="viewer integration searches body text across the whole session" name="viewer integration searches body text across the whole session" time="0.004">
    </testcase>
    <testcase classname="viewer integration supports explicit AND/OR search in session scans" name="viewer integration supports explicit AND/OR search in session scans" time="0.007">
    </testcase>
    <testcase classname="viewer integration resolves recipient names to email addresses when loading details" name="viewer integration resolves recipient names to email addresses when loading details" time="0.062">
    </testcase>
    <testcase classname="viewer integration finds messages by body keyword within a real folder" name="viewer integration finds messages by body keyword within a real folder" time="0.002">
    </testcase>
    <testcase classname="viewer integration builds attachment download URLs and JSON exports" name="viewer integration builds attachment download URLs and JSON exports" time="0.058">
    </testcase>
    <testcase classname="viewer integration exports raw attachment bytes and EML for real messages" name="viewer integration exports raw attachment bytes and EML for real messages" time="0.114">
    </testcase>
    <testcase classname="viewer integration renders nested embedded messages in best-effort EML output" name="viewer integration renders nested embedded messages in best-effort EML output" time="0.002">
    </testcase>
    <testcase classname="viewer integration sanitizes file names for browser downloads" name="viewer integration sanitizes file names for browser downloads" time="0">
    </testcase>
    <testcase classname="viewer integration handles invalid headers and encrypted PST files" name="viewer integration handles invalid headers and encrypted PST files" time="0.286">
    </testcase>
    <testcase classname="viewer integration survives per-message and per-attachment failures without killing the session" name="viewer integration survives per-message and per-attachment failures without killing the session" time="0.066">
    </testcase>
  </testsuite>
  <testsuite name="pst review api" errors="0" failures="0" skipped="0" timestamp="2026-06-11T11:50:51" time="45.234" tests="12">
    <testcase classname="pst review api serves mailbox catalog, extraction, review endpoints, and swagger docs" name="pst review api serves mailbox catalog, extraction, review endpoints, and swagger docs" time="8.074">
    </testcase>
    <testcase classname="pst review api moves PSTs into and out of the removed archive without deleting them" name="pst review api moves PSTs into and out of the removed archive without deleting them" time="3.293">
    </testcase>
    <testcase classname="pst review api allows appointment items to be flagged and cleared" name="pst review api allows appointment items to be flagged and cleared" time="2.791">
    </testcase>
    <testcase classname="pst review api exports a flagged mail and appointment bundle as a zip archive" name="pst review api exports a flagged mail and appointment bundle as a zip archive" time="2.404">
    </testcase>
    <testcase classname="pst review api honors bundle scope when exporting flagged items" name="pst review api honors bundle scope when exporting flagged items" time="8.798">
    </testcase>
    <testcase classname="pst review api opens PST root mailboxes when scopePath is empty" name="pst review api opens PST root mailboxes when scopePath is empty" time="2.572">
    </testcase>
    <testcase classname="pst review api bypasses auth for loopback requests" name="pst review api bypasses auth for loopback requests" time="0.754">
    </testcase>
    <testcase classname="pst review api rejects remote requests without a token when auth is required" name="pst review api rejects remote requests without a token when auth is required" time="0.724">
    </testcase>
    <testcase classname="pst review api allows remote requests when auth succeeds and responds to cors preflight" name="pst review api allows remote requests when auth succeeds and responds to cors preflight" time="0.786">
    </testcase>
    <testcase classname="pst review api authenticates the default viewer account and protects session cookies" name="pst review api authenticates the default viewer account and protects session cookies" time="0.979">
    </testcase>
    <testcase classname="pst review api adds additional viewer users and persists them across restarts" name="pst review api adds additional viewer users and persists them across restarts" time="1.663">
    </testcase>
    <testcase classname="pst review api expires viewer sessions after the configured ttl" name="pst review api expires viewer sessions after the configured ttl" time="2.483">
    </testcase>
  </testsuite>
</testsuites>